Build started 22/08/2017 20:59:19.
     1>Project "C:\Users\Ana Karla\Documents\Visual Studio 2010\Projects\AlgebraLinear\AlgebraLinear\AlgebraLinear.vcxproj" on node 2 (build target(s)).
     1>PrepareForBuild:
         Creating directory "C:\Users\Ana Karla\Documents\Visual Studio 2010\Projects\AlgebraLinear\Release\".
       InitializeBuildStatus:
         Creating "Release\AlgebraLinear.unsuccessfulbuild" because "AlwaysCreate" was specified.
       ClCompile:
         C:\Program Files (x86)\Microsoft Visual Studio 10.0\VC\bin\CL.exe /c /Zi /nologo /W3 /WX- /O2 /Oi /Oy- /GL /D WIN32 /D NDEBUG /D _CONSOLE /D _UNICODE /D UNICODE /Gm- /EHsc /MD /GS /Gy /fp:precise /Zc:wchar_t /Zc:forScope /Fo"Release\\" /Fd"Release\vc100.pdb" /Gd /TP /analyze- /errorReport:prompt Op_Mat.cpp
         Op_Mat.cpp
     1>Op_Mat.cpp(10): warning C4996: 'scanf': This function or variable may be unsafe. Consider using scanf_s instead. To disable deprecation, use _CRT_SECURE_NO_WARNINGS. See online help for details.
                 C:\Program Files (x86)\Microsoft Visual Studio 10.0\VC\include\stdio.h(304) : see declaration of 'scanf'
     1>Op_Mat.cpp(18): warning C4244: 'return' : conversion from 'int' to 'float', possible loss of data
     1>Op_Mat.cpp(57): warning C4996: 'scanf': This function or variable may be unsafe. Consider using scanf_s instead. To disable deprecation, use _CRT_SECURE_NO_WARNINGS. See online help for details.
                 C:\Program Files (x86)\Microsoft Visual Studio 10.0\VC\include\stdio.h(304) : see declaration of 'scanf'
     1>Op_Mat.cpp(60): warning C4996: 'scanf': This function or variable may be unsafe. Consider using scanf_s instead. To disable deprecation, use _CRT_SECURE_NO_WARNINGS. See online help for details.
                 C:\Program Files (x86)\Microsoft Visual Studio 10.0\VC\include\stdio.h(304) : see declaration of 'scanf'
     1>Op_Mat.cpp(63): warning C4996: 'scanf': This function or variable may be unsafe. Consider using scanf_s instead. To disable deprecation, use _CRT_SECURE_NO_WARNINGS. See online help for details.
                 C:\Program Files (x86)\Microsoft Visual Studio 10.0\VC\include\stdio.h(304) : see declaration of 'scanf'
       Link:
         C:\Program Files (x86)\Microsoft Visual Studio 10.0\VC\bin\link.exe /ERRORREPORT:PROMPT /OUT:"C:\Users\Ana Karla\Documents\Visual Studio 2010\Projects\AlgebraLinear\Release\AlgebraLinear.exe" /INCREMENTAL:NO /NOLOGO kernel32.lib user32.lib gdi32.lib winspool.lib comdlg32.lib advapi32.lib shell32.lib ole32.lib oleaut32.lib uuid.lib odbc32.lib odbccp32.lib /MANIFEST /ManifestFile:"Release\AlgebraLinear.exe.intermediate.manifest" /MANIFESTUAC:"level='asInvoker' uiAccess='false'" /DEBUG /PDB:"C:\Users\Ana Karla\Documents\Visual Studio 2010\Projects\AlgebraLinear\Release\AlgebraLinear.pdb" /SUBSYSTEM:CONSOLE /OPT:REF /OPT:ICF /LTCG /TLBID:1 /DYNAMICBASE /NXCOMPAT /IMPLIB:"C:\Users\Ana Karla\Documents\Visual Studio 2010\Projects\AlgebraLinear\Release\AlgebraLinear.lib" /MACHINE:X86 Release\Op_Mat.obj
         Generating code
         Finished generating code
         AlgebraLinear.vcxproj -> C:\Users\Ana Karla\Documents\Visual Studio 2010\Projects\AlgebraLinear\Release\AlgebraLinear.exe
       Manifest:
         C:\Program Files (x86)\Microsoft SDKs\Windows\v7.0A\bin\mt.exe /nologo /verbose /outputresource:"C:\Users\Ana Karla\Documents\Visual Studio 2010\Projects\AlgebraLinear\Release\AlgebraLinear.exe;#1" /manifest Release\AlgebraLinear.exe.intermediate.manifest
       FinalizeBuildStatus:
         Deleting file "Release\AlgebraLinear.unsuccessfulbuild".
         Touching "Release\AlgebraLinear.lastbuildstate".
     1>Done Building Project "C:\Users\Ana Karla\Documents\Visual Studio 2010\Projects\AlgebraLinear\AlgebraLinear\AlgebraLinear.vcxproj" (build target(s)).

Build succeeded.

Time Elapsed 00:00:00.96
